-- Found ament_cmake: 1.3.14 (/opt/ros/humble/share/ament_cmake/cmake)
-- Found rclcpp: 16.0.19 (/opt/ros/humble/share/rclcpp/cmake)
-- Found rosidl_generator_c: 3.1.8 (/opt/ros/humble/share/rosidl_generator_c/cmake)
-- Found rosidl_adapter: 3.1.8 (/opt/ros/humble/share/rosidl_adapter/cmake)
-- Found rosidl_generator_cpp: 3.1.8 (/opt/ros/humble/share/rosidl_generator_cpp/cmake)
-- Using all available rosidl_typesupport_c: rosidl_typesupport_fastrtps_c;rosidl_typesupport_introspection_c
-- Using all available rosidl_typesupport_cpp: rosidl_typesupport_fastrtps_cpp;rosidl_typesupport_introspection_cpp
-- Found rmw_implementation_cmake: 6.1.2 (/opt/ros/humble/share/rmw_implementation_cmake/cmake)
-- Found rmw_fastrtps_cpp: 6.2.10 (/opt/ros/humble/share/rmw_fastrtps_cpp/cmake)
-- Using RMW implementation 'rmw_fastrtps_cpp' as default
-- Found geometry_msgs: 4.9.1 (/opt/ros/humble/share/geometry_msgs/cmake)
-- Found rosidl_default_generators: 1.2.1 (/opt/ros/humble/share/rosidl_default_generators/cmake)
-- Found ament_cmake_ros: 0.10.0 (/opt/ros/humble/share/ament_cmake_ros/cmake)
-- Using all available rosidl_typesupport_c: rosidl_typesupport_fastrtps_c;rosidl_typesupport_introspection_c
-- Using all available rosidl_typesupport_cpp: rosidl_typesupport_fastrtps_cpp;rosidl_typesupport_introspection_cpp
-- Found python_cmake_module: 0.10.0 (/opt/ros/humble/share/python_cmake_module/cmake)
-- Using PYTHON_EXECUTABLE: /usr/bin/python3
-- Using PYTHON_INCLUDE_DIRS: /usr/include/python3.10
-- Using PYTHON_LIBRARIES: /usr/lib/x86_64-linux-gnu/libpython3.10.so
-- Found ament_lint_auto: 0.12.15 (/opt/ros/humble/share/ament_lint_auto/cmake)
-- Added test 'copyright' to check source files copyright and LICENSE
-- Added test 'cppcheck' to perform static code analysis on C / C++ code
-- Configured cppcheck include dirs: /home/cyrus/robocon2026/GMK/src/techx_vision_bridge/include
-- Configured cppcheck exclude dirs and/or files: 
-- Added test 'cpplint' to check C / C++ code against the Google style
-- Configured cpplint exclude dirs and/or files: 
-- Added test 'flake8' to check Python code syntax and style conventions
-- Added test 'lint_cmake' to check CMake code style
-- Added test 'pep257' to check Python code against some of the docstring style conventions in PEP 257
-- Added test 'uncrustify' to check C / C++ code style
-- Configured uncrustify additional arguments: 
-- Added test 'xmllint' to check XML markup files
-- Configuring done
-- Generating done
-- Build files have been written to: /home/cyrus/robocon2026/GMK/build/techx_vision_bridge
Consolidate compiler generated dependencies of target techx_vision_bridge__rosidl_generator_c
[  2%] Built target techx_vision_bridge__rs
[  5%] Built target techx_vision_bridge__cpp
[ 14%] Built target techx_vision_bridge__rosidl_generator_c
Consolidate compiler generated dependencies of target techx_vision_bridge__rosidl_typesupport_fastrtps_cpp
Consolidate compiler generated dependencies of target techx_vision_bridge__rosidl_typesupport_c
Consolidate compiler generated dependencies of target techx_vision_bridge__rosidl_typesupport_introspection_c
Consolidate compiler generated dependencies of target techx_vision_bridge__rosidl_typesupport_cpp
[ 14%] Built target ament_cmake_python_copy_techx_vision_bridge
Consolidate compiler generated dependencies of target techx_vision_bridge__rosidl_typesupport_introspection_cpp
Consolidate compiler generated dependencies of target techx_vision_bridge__rosidl_typesupport_fastrtps_c
[ 29%] Built target techx_vision_bridge__rosidl_typesupport_fastrtps_cpp
[ 32%] Built target techx_vision_bridge__rosidl_typesupport_introspection_cpp
[ 44%] Built target techx_vision_bridge__rosidl_typesupport_cpp
[ 50%] Built target techx_vision_bridge__rosidl_typesupport_c
[ 58%] Built target techx_vision_bridge__rosidl_typesupport_fastrtps_c
[ 67%] Built target techx_vision_bridge__rosidl_typesupport_introspection_c
[ 67%] Built target techx_vision_bridge
Consolidate compiler generated dependencies of target vision_bridge_node
[ 70%] Built target techx_vision_bridge__py
Consolidate compiler generated dependencies of target techx_vision_bridge__rosidl_generator_py
[ 73%] Building CXX object CMakeFiles/vision_bridge_node.dir/src/vision_bridge_node.cpp.o
[ 79%] Built target techx_vision_bridge__rosidl_generator_py
Consolidate compiler generated dependencies of target techx_vision_bridge__rosidl_typesupport_introspection_c__pyext
Consolidate compiler generated dependencies of target techx_vision_bridge__rosidl_typesupport_c__pyext
Consolidate compiler generated dependencies of target techx_vision_bridge__rosidl_typesupport_fastrtps_c__pyext
[ 85%] Built target techx_vision_bridge__rosidl_typesupport_introspection_c__pyext
[ 91%] Built target techx_vision_bridge__rosidl_typesupport_fastrtps_c__pyext
[ 97%] Built target techx_vision_bridge__rosidl_typesupport_c__pyext
running egg_info
writing techx_vision_bridge.egg-info/PKG-INFO
writing dependency_links to techx_vision_bridge.egg-info/dependency_links.txt
writing top-level names to techx_vision_bridge.egg-info/top_level.txt
reading manifest file 'techx_vision_bridge.egg-info/SOURCES.txt'
writing manifest file 'techx_vision_bridge.egg-info/SOURCES.txt'
[ 97%] Built target ament_cmake_python_build_techx_vision_bridge_egg
[100%] Linking CXX executable vision_bridge_node
[100%] Built target vision_bridge_node
-- Install configuration: ""
-- Up-to-date: /home/cyrus/robocon2026/GMK/install/techx_vision_bridge/share/ament_index/resource_index/rosidl_interfaces/techx_vision_bridge
-- Up-to-date: /home/cyrus/robocon2026/GMK/install/techx_vision_bridge/include/techx_vision_bridge/techx_vision_bridge
-- Up-to-date: /home/cyrus/robocon2026/GMK/install/techx_vision_bridge/include/techx_vision_bridge/techx_vision_bridge/msg
-- Up-to-date: /home/cyrus/robocon2026/GMK/install/techx_vision_bridge/include/techx_vision_bridge/techx_vision_bridge/msg/target3_d.h
-- Up-to-date: /home/cyrus/robocon2026/GMK/install/techx_vision_bridge/include/techx_vision_bridge/techx_vision_bridge/msg/rosidl_generator_c__visibility_control.h
-- Up-to-date: /home/cyrus/robocon2026/GMK/install/techx_vision_bridge/include/techx_vision_bridge/techx_vision_bridge/msg/detail
-- Up-to-date: /home/cyrus/robocon2026/GMK/install/techx_vision_bridge/include/techx_vision_bridge/techx_vision_bridge/msg/detail/target3_d__struct.h
-- Up-to-date: /home/cyrus/robocon2026/GMK/install/techx_vision_bridge/include/techx_vision_bridge/techx_vision_bridge/msg/detail/target3_d__functions.c
-- Up-to-date: /home/cyrus/robocon2026/GMK/install/techx_vision_bridge/include/techx_vision_bridge/techx_vision_bridge/msg/detail/target3_d__type_support.h
-- Up-to-date: /home/cyrus/robocon2026/GMK/install/techx_vision_bridge/include/techx_vision_bridge/techx_vision_bridge/msg/detail/target3_d__functions.h
-- Up-to-date: /home/cyrus/robocon2026/GMK/install/techx_vision_bridge/share/techx_vision_bridge/environment/library_path.sh
-- Installing: /home/cyrus/robocon2026/GMK/install/techx_vision_bridge/share/techx_vision_bridge/environment/library_path.dsv
-- Up-to-date: /home/cyrus/robocon2026/GMK/install/techx_vision_bridge/lib/libtechx_vision_bridge__rosidl_generator_c.so
-- Up-to-date: /home/cyrus/robocon2026/GMK/install/techx_vision_bridge/include/techx_vision_bridge/techx_vision_bridge
-- Up-to-date: /home/cyrus/robocon2026/GMK/install/techx_vision_bridge/include/techx_vision_bridge/techx_vision_bridge/msg
-- Up-to-date: /home/cyrus/robocon2026/GMK/install/techx_vision_bridge/include/techx_vision_bridge/techx_vision_bridge/msg/detail
-- Up-to-date: /home/cyrus/robocon2026/GMK/install/techx_vision_bridge/include/techx_vision_bridge/techx_vision_bridge/msg/detail/target3_d__rosidl_typesupport_fastrtps_c.h
-- Up-to-date: /home/cyrus/robocon2026/GMK/install/techx_vision_bridge/include/techx_vision_bridge/techx_vision_bridge/msg/rosidl_typesupport_fastrtps_c__visibility_control.h
-- Up-to-date: /home/cyrus/robocon2026/GMK/install/techx_vision_bridge/lib/libtechx_vision_bridge__rosidl_typesupport_fastrtps_c.so
-- Up-to-date: /home/cyrus/robocon2026/GMK/install/techx_vision_bridge/include/techx_vision_bridge/techx_vision_bridge
-- Up-to-date: /home/cyrus/robocon2026/GMK/install/techx_vision_bridge/include/techx_vision_bridge/techx_vision_bridge/msg
-- Up-to-date: /home/cyrus/robocon2026/GMK/install/techx_vision_bridge/include/techx_vision_bridge/techx_vision_bridge/msg/rosidl_generator_cpp__visibility_control.hpp
-- Up-to-date: /home/cyrus/robocon2026/GMK/install/techx_vision_bridge/include/techx_vision_bridge/techx_vision_bridge/msg/target3_d.hpp
-- Up-to-date: /home/cyrus/robocon2026/GMK/install/techx_vision_bridge/include/techx_vision_bridge/techx_vision_bridge/msg/detail
-- Up-to-date: /home/cyrus/robocon2026/GMK/install/techx_vision_bridge/include/techx_vision_bridge/techx_vision_bridge/msg/detail/target3_d__struct.hpp
-- Up-to-date: /home/cyrus/robocon2026/GMK/install/techx_vision_bridge/include/techx_vision_bridge/techx_vision_bridge/msg/detail/target3_d__type_support.hpp
-- Up-to-date: /home/cyrus/robocon2026/GMK/install/techx_vision_bridge/include/techx_vision_bridge/techx_vision_bridge/msg/detail/target3_d__traits.hpp
-- Up-to-date: /home/cyrus/robocon2026/GMK/install/techx_vision_bridge/include/techx_vision_bridge/techx_vision_bridge/msg/detail/target3_d__builder.hpp
-- Up-to-date: /home/cyrus/robocon2026/GMK/install/techx_vision_bridge/include/techx_vision_bridge/techx_vision_bridge
-- Up-to-date: /home/cyrus/robocon2026/GMK/install/techx_vision_bridge/include/techx_vision_bridge/techx_vision_bridge/msg
-- Up-to-date: /home/cyrus/robocon2026/GMK/install/techx_vision_bridge/include/techx_vision_bridge/techx_vision_bridge/msg/detail
-- Up-to-date: /home/cyrus/robocon2026/GMK/install/techx_vision_bridge/include/techx_vision_bridge/techx_vision_bridge/msg/detail/dds_fastrtps
-- Up-to-date: /home/cyrus/robocon2026/GMK/install/techx_vision_bridge/include/techx_vision_bridge/techx_vision_bridge/msg/detail/target3_d__rosidl_typesupport_fastrtps_cpp.hpp
-- Up-to-date: /home/cyrus/robocon2026/GMK/install/techx_vision_bridge/include/techx_vision_bridge/techx_vision_bridge/msg/rosidl_typesupport_fastrtps_cpp__visibility_control.h
-- Up-to-date: /home/cyrus/robocon2026/GMK/install/techx_vision_bridge/lib/libtechx_vision_bridge__rosidl_typesupport_fastrtps_cpp.so
-- Up-to-date: /home/cyrus/robocon2026/GMK/install/techx_vision_bridge/include/techx_vision_bridge/techx_vision_bridge
-- Up-to-date: /home/cyrus/robocon2026/GMK/install/techx_vision_bridge/include/techx_vision_bridge/techx_vision_bridge/msg
-- Up-to-date: /home/cyrus/robocon2026/GMK/install/techx_vision_bridge/include/techx_vision_bridge/techx_vision_bridge/msg/rosidl_typesupport_introspection_c__visibility_control.h
-- Up-to-date: /home/cyrus/robocon2026/GMK/install/techx_vision_bridge/include/techx_vision_bridge/techx_vision_bridge/msg/detail
-- Up-to-date: /home/cyrus/robocon2026/GMK/install/techx_vision_bridge/include/techx_vision_bridge/techx_vision_bridge/msg/detail/target3_d__type_support.c
-- Up-to-date: /home/cyrus/robocon2026/GMK/install/techx_vision_bridge/include/techx_vision_bridge/techx_vision_bridge/msg/detail/target3_d__rosidl_typesupport_introspection_c.h
-- Up-to-date: /home/cyrus/robocon2026/GMK/install/techx_vision_bridge/lib/libtechx_vision_bridge__rosidl_typesupport_introspection_c.so
-- Up-to-date: /home/cyrus/robocon2026/GMK/install/techx_vision_bridge/lib/libtechx_vision_bridge__rosidl_typesupport_c.so
-- Up-to-date: /home/cyrus/robocon2026/GMK/install/techx_vision_bridge/include/techx_vision_bridge/techx_vision_bridge
-- Up-to-date: /home/cyrus/robocon2026/GMK/install/techx_vision_bridge/include/techx_vision_bridge/techx_vision_bridge/msg
-- Up-to-date: /home/cyrus/robocon2026/GMK/install/techx_vision_bridge/include/techx_vision_bridge/techx_vision_bridge/msg/detail
-- Up-to-date: /home/cyrus/robocon2026/GMK/install/techx_vision_bridge/include/techx_vision_bridge/techx_vision_bridge/msg/detail/target3_d__type_support.cpp
-- Up-to-date: /home/cyrus/robocon2026/GMK/install/techx_vision_bridge/include/techx_vision_bridge/techx_vision_bridge/msg/detail/target3_d__rosidl_typesupport_introspection_cpp.hpp
-- Up-to-date: /home/cyrus/robocon2026/GMK/install/techx_vision_bridge/lib/libtechx_vision_bridge__rosidl_typesupport_introspection_cpp.so
-- Up-to-date: /home/cyrus/robocon2026/GMK/install/techx_vision_bridge/lib/libtechx_vision_bridge__rosidl_typesupport_cpp.so
-- Up-to-date: /home/cyrus/robocon2026/GMK/install/techx_vision_bridge/share/techx_vision_bridge/environment/pythonpath.sh
-- Installing: /home/cyrus/robocon2026/GMK/install/techx_vision_bridge/share/techx_vision_bridge/environment/pythonpath.dsv
-- Up-to-date: /home/cyrus/robocon2026/GMK/install/techx_vision_bridge/local/lib/python3.10/dist-packages/techx_vision_bridge-2.0.0-py3.10.egg-info
-- Installing: /home/cyrus/robocon2026/GMK/install/techx_vision_bridge/local/lib/python3.10/dist-packages/techx_vision_bridge-2.0.0-py3.10.egg-info/dependency_links.txt
-- Installing: /home/cyrus/robocon2026/GMK/install/techx_vision_bridge/local/lib/python3.10/dist-packages/techx_vision_bridge-2.0.0-py3.10.egg-info/PKG-INFO
-- Installing: /home/cyrus/robocon2026/GMK/install/techx_vision_bridge/local/lib/python3.10/dist-packages/techx_vision_bridge-2.0.0-py3.10.egg-info/SOURCES.txt
-- Installing: /home/cyrus/robocon2026/GMK/install/techx_vision_bridge/local/lib/python3.10/dist-packages/techx_vision_bridge-2.0.0-py3.10.egg-info/top_level.txt
-- Up-to-date: /home/cyrus/robocon2026/GMK/install/techx_vision_bridge/local/lib/python3.10/dist-packages/techx_vision_bridge
-- Up-to-date: /home/cyrus/robocon2026/GMK/install/techx_vision_bridge/local/lib/python3.10/dist-packages/techx_vision_bridge/_techx_vision_bridge_s.ep.rosidl_typesupport_c.c
-- Up-to-date: /home/cyrus/robocon2026/GMK/install/techx_vision_bridge/local/lib/python3.10/dist-packages/techx_vision_bridge/techx_vision_bridge_s__rosidl_typesupport_c.cpython-310-x86_64-linux-gnu.so
-- Up-to-date: /home/cyrus/robocon2026/GMK/install/techx_vision_bridge/local/lib/python3.10/dist-packages/techx_vision_bridge/libtechx_vision_bridge__rosidl_generator_py.so
-- Up-to-date: /home/cyrus/robocon2026/GMK/install/techx_vision_bridge/local/lib/python3.10/dist-packages/techx_vision_bridge/_techx_vision_bridge_s.ep.rosidl_typesupport_fastrtps_c.c
-- Up-to-date: /home/cyrus/robocon2026/GMK/install/techx_vision_bridge/local/lib/python3.10/dist-packages/techx_vision_bridge/_techx_vision_bridge_s.ep.rosidl_typesupport_introspection_c.c
-- Up-to-date: /home/cyrus/robocon2026/GMK/install/techx_vision_bridge/local/lib/python3.10/dist-packages/techx_vision_bridge/techx_vision_bridge_s__rosidl_typesupport_introspection_c.cpython-310-x86_64-linux-gnu.so
-- Installing: /home/cyrus/robocon2026/GMK/install/techx_vision_bridge/local/lib/python3.10/dist-packages/techx_vision_bridge/__init__.py
-- Up-to-date: /home/cyrus/robocon2026/GMK/install/techx_vision_bridge/local/lib/python3.10/dist-packages/techx_vision_bridge/techx_vision_bridge_s__rosidl_typesupport_fastrtps_c.cpython-310-x86_64-linux-gnu.so
-- Up-to-date: /home/cyrus/robocon2026/GMK/install/techx_vision_bridge/local/lib/python3.10/dist-packages/techx_vision_bridge/msg
-- Up-to-date: /home/cyrus/robocon2026/GMK/install/techx_vision_bridge/local/lib/python3.10/dist-packages/techx_vision_bridge/msg/_target3_d_s.c
-- Up-to-date: /home/cyrus/robocon2026/GMK/install/techx_vision_bridge/local/lib/python3.10/dist-packages/techx_vision_bridge/msg/_target3_d.py
-- Up-to-date: /home/cyrus/robocon2026/GMK/install/techx_vision_bridge/local/lib/python3.10/dist-packages/techx_vision_bridge/msg/__init__.py
Listing '/home/cyrus/robocon2026/GMK/install/techx_vision_bridge/local/lib/python3.10/dist-packages/techx_vision_bridge'...
Compiling '/home/cyrus/robocon2026/GMK/install/techx_vision_bridge/local/lib/python3.10/dist-packages/techx_vision_bridge/__init__.py'...
Listing '/home/cyrus/robocon2026/GMK/install/techx_vision_bridge/local/lib/python3.10/dist-packages/techx_vision_bridge/msg'...
-- Up-to-date: /home/cyrus/robocon2026/GMK/install/techx_vision_bridge/local/lib/python3.10/dist-packages/techx_vision_bridge/techx_vision_bridge_s__rosidl_typesupport_fastrtps_c.cpython-310-x86_64-linux-gnu.so
-- Up-to-date: /home/cyrus/robocon2026/GMK/install/techx_vision_bridge/local/lib/python3.10/dist-packages/techx_vision_bridge/techx_vision_bridge_s__rosidl_typesupport_introspection_c.cpython-310-x86_64-linux-gnu.so
-- Up-to-date: /home/cyrus/robocon2026/GMK/install/techx_vision_bridge/local/lib/python3.10/dist-packages/techx_vision_bridge/techx_vision_bridge_s__rosidl_typesupport_c.cpython-310-x86_64-linux-gnu.so
-- Up-to-date: /home/cyrus/robocon2026/GMK/install/techx_vision_bridge/lib/libtechx_vision_bridge__rosidl_generator_py.so
-- Up-to-date: /home/cyrus/robocon2026/GMK/install/techx_vision_bridge/share/ament_index/resource_index/rust_packages/techx_vision_bridge
-- Up-to-date: /home/cyrus/robocon2026/GMK/install/techx_vision_bridge/share/techx_vision_bridge/rust
-- Up-to-date: /home/cyrus/robocon2026/GMK/install/techx_vision_bridge/share/techx_vision_bridge/rust/build.rs
-- Up-to-date: /home/cyrus/robocon2026/GMK/install/techx_vision_bridge/share/techx_vision_bridge/rust/Cargo.toml
-- Up-to-date: /home/cyrus/robocon2026/GMK/install/techx_vision_bridge/share/techx_vision_bridge/rust/src
-- Up-to-date: /home/cyrus/robocon2026/GMK/install/techx_vision_bridge/share/techx_vision_bridge/rust/src/lib.rs
-- Up-to-date: /home/cyrus/robocon2026/GMK/install/techx_vision_bridge/share/techx_vision_bridge/rust/src/msg.rs
-- Up-to-date: /home/cyrus/robocon2026/GMK/install/techx_vision_bridge/share/techx_vision_bridge/rust/src/msg
-- Up-to-date: /home/cyrus/robocon2026/GMK/install/techx_vision_bridge/share/techx_vision_bridge/rust/src/msg/rmw.rs
-- Up-to-date: /home/cyrus/robocon2026/GMK/install/techx_vision_bridge/share/techx_vision_bridge/msg/Target3D.idl
-- Up-to-date: /home/cyrus/robocon2026/GMK/install/techx_vision_bridge/share/techx_vision_bridge/msg/Target3D.msg
-- Installing: /home/cyrus/robocon2026/GMK/install/techx_vision_bridge/lib/techx_vision_bridge/vision_bridge_node
-- Set runtime path of "/home/cyrus/robocon2026/GMK/install/techx_vision_bridge/lib/techx_vision_bridge/vision_bridge_node" to ""
-- Up-to-date: /home/cyrus/robocon2026/GMK/install/techx_vision_bridge/share/techx_vision_bridge/msg
-- Up-to-date: /home/cyrus/robocon2026/GMK/install/techx_vision_bridge/share/techx_vision_bridge/msg/Target3D.msg
-- Installing: /home/cyrus/robocon2026/GMK/install/techx_vision_bridge/share/techx_vision_bridge/config
-- Installing: /home/cyrus/robocon2026/GMK/install/techx_vision_bridge/share/techx_vision_bridge/config/vision_bridge.yaml
-- Installing: /home/cyrus/robocon2026/GMK/install/techx_vision_bridge/share/techx_vision_bridge/launch
-- Installing: /home/cyrus/robocon2026/GMK/install/techx_vision_bridge/share/techx_vision_bridge/launch/vision_bridge.launch.py
-- Installing: /home/cyrus/robocon2026/GMK/install/techx_vision_bridge/share/ament_index/resource_index/package_run_dependencies/techx_vision_bridge
-- Up-to-date: /home/cyrus/robocon2026/GMK/install/techx_vision_bridge/share/ament_index/resource_index/parent_prefix_path/techx_vision_bridge
-- Up-to-date: /home/cyrus/robocon2026/GMK/install/techx_vision_bridge/share/techx_vision_bridge/environment/ament_prefix_path.sh
-- Installing: /home/cyrus/robocon2026/GMK/install/techx_vision_bridge/share/techx_vision_bridge/environment/ament_prefix_path.dsv
-- Up-to-date: /home/cyrus/robocon2026/GMK/install/techx_vision_bridge/share/techx_vision_bridge/environment/path.sh
-- Installing: /home/cyrus/robocon2026/GMK/install/techx_vision_bridge/share/techx_vision_bridge/environment/path.dsv
-- Up-to-date: /home/cyrus/robocon2026/GMK/install/techx_vision_bridge/share/techx_vision_bridge/local_setup.bash
-- Up-to-date: /home/cyrus/robocon2026/GMK/install/techx_vision_bridge/share/techx_vision_bridge/local_setup.sh
-- Up-to-date: /home/cyrus/robocon2026/GMK/install/techx_vision_bridge/share/techx_vision_bridge/local_setup.zsh
-- Installing: /home/cyrus/robocon2026/GMK/install/techx_vision_bridge/share/techx_vision_bridge/local_setup.dsv
-- Installing: /home/cyrus/robocon2026/GMK/install/techx_vision_bridge/share/techx_vision_bridge/package.dsv
-- Up-to-date: /home/cyrus/robocon2026/GMK/install/techx_vision_bridge/share/ament_index/resource_index/packages/techx_vision_bridge
-- Up-to-date: /home/cyrus/robocon2026/GMK/install/techx_vision_bridge/share/techx_vision_bridge/cmake/export_techx_vision_bridge__rosidl_generator_cExport.cmake
-- Up-to-date: /home/cyrus/robocon2026/GMK/install/techx_vision_bridge/share/techx_vision_bridge/cmake/export_techx_vision_bridge__rosidl_generator_cExport-noconfig.cmake
-- Up-to-date: /home/cyrus/robocon2026/GMK/install/techx_vision_bridge/share/techx_vision_bridge/cmake/export_techx_vision_bridge__rosidl_typesupport_fastrtps_cExport.cmake
-- Up-to-date: /home/cyrus/robocon2026/GMK/install/techx_vision_bridge/share/techx_vision_bridge/cmake/export_techx_vision_bridge__rosidl_typesupport_fastrtps_cExport-noconfig.cmake
-- Up-to-date: /home/cyrus/robocon2026/GMK/install/techx_vision_bridge/share/techx_vision_bridge/cmake/export_techx_vision_bridge__rosidl_generator_cppExport.cmake
-- Up-to-date: /home/cyrus/robocon2026/GMK/install/techx_vision_bridge/share/techx_vision_bridge/cmake/export_techx_vision_bridge__rosidl_typesupport_fastrtps_cppExport.cmake
-- Up-to-date: /home/cyrus/robocon2026/GMK/install/techx_vision_bridge/share/techx_vision_bridge/cmake/export_techx_vision_bridge__rosidl_typesupport_fastrtps_cppExport-noconfig.cmake
-- Up-to-date: /home/cyrus/robocon2026/GMK/install/techx_vision_bridge/share/techx_vision_bridge/cmake/techx_vision_bridge__rosidl_typesupport_introspection_cExport.cmake
-- Up-to-date: /home/cyrus/robocon2026/GMK/install/techx_vision_bridge/share/techx_vision_bridge/cmake/techx_vision_bridge__rosidl_typesupport_introspection_cExport-noconfig.cmake
-- Up-to-date: /home/cyrus/robocon2026/GMK/install/techx_vision_bridge/share/techx_vision_bridge/cmake/techx_vision_bridge__rosidl_typesupport_cExport.cmake
-- Up-to-date: /home/cyrus/robocon2026/GMK/install/techx_vision_bridge/share/techx_vision_bridge/cmake/techx_vision_bridge__rosidl_typesupport_cExport-noconfig.cmake
-- Up-to-date: /home/cyrus/robocon2026/GMK/install/techx_vision_bridge/share/techx_vision_bridge/cmake/techx_vision_bridge__rosidl_typesupport_introspection_cppExport.cmake
-- Up-to-date: /home/cyrus/robocon2026/GMK/install/techx_vision_bridge/share/techx_vision_bridge/cmake/techx_vision_bridge__rosidl_typesupport_introspection_cppExport-noconfig.cmake
-- Up-to-date: /home/cyrus/robocon2026/GMK/install/techx_vision_bridge/share/techx_vision_bridge/cmake/techx_vision_bridge__rosidl_typesupport_cppExport.cmake
-- Up-to-date: /home/cyrus/robocon2026/GMK/install/techx_vision_bridge/share/techx_vision_bridge/cmake/techx_vision_bridge__rosidl_typesupport_cppExport-noconfig.cmake
-- Up-to-date: /home/cyrus/robocon2026/GMK/install/techx_vision_bridge/share/techx_vision_bridge/cmake/export_techx_vision_bridge__rosidl_generator_pyExport.cmake
-- Up-to-date: /home/cyrus/robocon2026/GMK/install/techx_vision_bridge/share/techx_vision_bridge/cmake/export_techx_vision_bridge__rosidl_generator_pyExport-noconfig.cmake
-- Up-to-date: /home/cyrus/robocon2026/GMK/install/techx_vision_bridge/share/techx_vision_bridge/cmake/rosidl_cmake-extras.cmake
-- Up-to-date: /home/cyrus/robocon2026/GMK/install/techx_vision_bridge/share/techx_vision_bridge/cmake/ament_cmake_export_dependencies-extras.cmake
-- Up-to-date: /home/cyrus/robocon2026/GMK/install/techx_vision_bridge/share/techx_vision_bridge/cmake/ament_cmake_export_include_directories-extras.cmake
-- Up-to-date: /home/cyrus/robocon2026/GMK/install/techx_vision_bridge/share/techx_vision_bridge/cmake/ament_cmake_export_libraries-extras.cmake
-- Up-to-date: /home/cyrus/robocon2026/GMK/install/techx_vision_bridge/share/techx_vision_bridge/cmake/ament_cmake_export_targets-extras.cmake
-- Up-to-date: /home/cyrus/robocon2026/GMK/install/techx_vision_bridge/share/techx_vision_bridge/cmake/rosidl_cmake_export_typesupport_targets-extras.cmake
-- Up-to-date: /home/cyrus/robocon2026/GMK/install/techx_vision_bridge/share/techx_vision_bridge/cmake/rosidl_cmake_export_typesupport_libraries-extras.cmake
-- Up-to-date: /home/cyrus/robocon2026/GMK/install/techx_vision_bridge/share/techx_vision_bridge/cmake/techx_vision_bridgeConfig.cmake
-- Up-to-date: /home/cyrus/robocon2026/GMK/install/techx_vision_bridge/share/techx_vision_bridge/cmake/techx_vision_bridgeConfig-version.cmake
-- Installing: /home/cyrus/robocon2026/GMK/install/techx_vision_bridge/share/techx_vision_bridge/package.xml
