[0.053s] DEBUG:colcon:Command line arguments: ['/usr/bin/colcon', 'build', '--packages-select', 'techx_vision_bridge']
[0.053s] DEBUG:colcon:Parsed command line arguments: Namespace(log_base=None, log_level=None, verb_name='build', build_base='build', install_base='install', merge_install=False, symlink_install=False, test_result_base=None, continue_on_error=False, executor='parallel', parallel_workers=24, event_handlers=None, ignore_user_meta=False, metas=['./colcon.meta'], base_paths=['.'], packages_ignore=None, packages_ignore_regex=None, paths=None, packages_up_to=None, packages_up_to_regex=None, packages_above=None, packages_above_and_dependencies=None, packages_above_depth=None, packages_select_by_dep=None, packages_skip_by_dep=None, packages_skip_up_to=None, packages_select_build_failed=False, packages_skip_build_finished=False, packages_select_test_failures=False, packages_skip_test_passed=False, packages_select=['techx_vision_bridge'], packages_skip=None, packages_select_regex=None, packages_skip_regex=None, packages_start=None, packages_end=None, allow_overriding=[], cmake_args=None, cmake_target=None, cmake_target_skip_unavailable=False, cmake_clean_cache=False, cmake_clean_first=False, cmake_force_configure=False, ament_cmake_args=None, catkin_cmake_args=None, catkin_skip_building_tests=False, verb_parser=<colcon_defaults.argument_parser.defaults.DefaultArgumentsDecorator object at 0x74d778c44bb0>, verb_extension=<colcon_core.verb.build.BuildVerb object at 0x74d778d65f90>, main=<bound method BuildVerb.main of <colcon_core.verb.build.BuildVerb object at 0x74d778d65f90>>)
[0.135s] Level 1:colcon.colcon_core.package_discovery:discover_packages(colcon_meta) check parameters
[0.135s] Level 1:colcon.colcon_core.package_discovery:discover_packages(recursive) check parameters
[0.135s] Level 1:colcon.colcon_core.package_discovery:discover_packages(ignore) check parameters
[0.135s] Level 1:colcon.colcon_core.package_discovery:discover_packages(path) check parameters
[0.135s] Level 1:colcon.colcon_core.package_discovery:discover_packages(colcon_meta) discover
[0.135s] Level 1:colcon.colcon_core.package_discovery:discover_packages(recursive) discover
[0.135s] INFO:colcon.colcon_core.package_discovery:Crawling recursively for packages in '/home/cyrus/robocon2026/GMK'
[0.135s] Level 1:colcon.colcon_core.package_identification:_identify(.) by extensions ['ignore', 'ignore_ament_install']
[0.135s] Level 1:colcon.colcon_core.package_identification:_identify(.) by extension 'ignore'
[0.135s] Level 1:colcon.colcon_core.package_identification:_identify(.) by extension 'ignore_ament_install'
[0.135s] Level 1:colcon.colcon_core.package_identification:_identify(.) by extensions ['colcon_pkg']
[0.135s] Level 1:colcon.colcon_core.package_identification:_identify(.) by extension 'colcon_pkg'
[0.135s] Level 1:colcon.colcon_core.package_identification:_identify(.) by extensions ['colcon_meta']
[0.135s] Level 1:colcon.colcon_core.package_identification:_identify(.) by extension 'colcon_meta'
[0.135s] Level 1:colcon.colcon_core.package_identification:_identify(.) by extensions ['ros']
[0.135s] Level 1:colcon.colcon_core.package_identification:_identify(.) by extension 'ros'
[0.156s] Level 1:colcon.colcon_core.package_identification:_identify(.) by extensions ['cmake', 'python']
[0.156s] Level 1:colcon.colcon_core.package_identification:_identify(.) by extension 'cmake'
[0.156s] Level 1:colcon.colcon_core.package_identification:_identify(.) by extension 'python'
[0.156s] Level 1:colcon.colcon_core.package_identification:_identify(.) by extensions ['python_setup_py']
[0.156s] Level 1:colcon.colcon_core.package_identification:_identify(.) by extension 'python_setup_py'
[0.156s] Level 1:colcon.colcon_core.package_identification:_identify(build) by extensions ['ignore', 'ignore_ament_install']
[0.156s] Level 1:colcon.colcon_core.package_identification:_identify(build) by extension 'ignore'
[0.156s] Level 1:colcon.colcon_core.package_identification:_identify(build) ignored
[0.156s] Level 1:colcon.colcon_core.package_identification:_identify(install) by extensions ['ignore', 'ignore_ament_install']
[0.156s] Level 1:colcon.colcon_core.package_identification:_identify(install) by extension 'ignore'
[0.156s] Level 1:colcon.colcon_core.package_identification:_identify(install) ignored
[0.156s] Level 1:colcon.colcon_core.package_identification:_identify(log) by extensions ['ignore', 'ignore_ament_install']
[0.156s] Level 1:colcon.colcon_core.package_identification:_identify(log) by extension 'ignore'
[0.156s] Level 1:colcon.colcon_core.package_identification:_identify(log) ignored
[0.156s] Level 1:colcon.colcon_core.package_identification:_identify(src) by extensions ['ignore', 'ignore_ament_install']
[0.156s] Level 1:colcon.colcon_core.package_identification:_identify(src) by extension 'ignore'
[0.156s] Level 1:colcon.colcon_core.package_identification:_identify(src) by extension 'ignore_ament_install'
[0.156s] Level 1:colcon.colcon_core.package_identification:_identify(src) by extensions ['colcon_pkg']
[0.156s] Level 1:colcon.colcon_core.package_identification:_identify(src) by extension 'colcon_pkg'
[0.156s] Level 1:colcon.colcon_core.package_identification:_identify(src) by extensions ['colcon_meta']
[0.156s] Level 1:colcon.colcon_core.package_identification:_identify(src) by extension 'colcon_meta'
[0.156s] Level 1:colcon.colcon_core.package_identification:_identify(src) by extensions ['ros']
[0.156s] Level 1:colcon.colcon_core.package_identification:_identify(src) by extension 'ros'
[0.156s] Level 1:colcon.colcon_core.package_identification:_identify(src) by extensions ['cmake', 'python']
[0.156s] Level 1:colcon.colcon_core.package_identification:_identify(src) by extension 'cmake'
[0.156s] Level 1:colcon.colcon_core.package_identification:_identify(src) by extension 'python'
[0.156s] Level 1:colcon.colcon_core.package_identification:_identify(src) by extensions ['python_setup_py']
[0.156s] Level 1:colcon.colcon_core.package_identification:_identify(src) by extension 'python_setup_py'
[0.156s] Level 1:colcon.colcon_core.package_identification:_identify(src/techx_vision_bridge) by extensions ['ignore', 'ignore_ament_install']
[0.156s] Level 1:colcon.colcon_core.package_identification:_identify(src/techx_vision_bridge) by extension 'ignore'
[0.156s] Level 1:colcon.colcon_core.package_identification:_identify(src/techx_vision_bridge) by extension 'ignore_ament_install'
[0.157s] Level 1:colcon.colcon_core.package_identification:_identify(src/techx_vision_bridge) by extensions ['colcon_pkg']
[0.157s] Level 1:colcon.colcon_core.package_identification:_identify(src/techx_vision_bridge) by extension 'colcon_pkg'
[0.157s] Level 1:colcon.colcon_core.package_identification:_identify(src/techx_vision_bridge) by extensions ['colcon_meta']
[0.157s] Level 1:colcon.colcon_core.package_identification:_identify(src/techx_vision_bridge) by extension 'colcon_meta'
[0.157s] Level 1:colcon.colcon_core.package_identification:_identify(src/techx_vision_bridge) by extensions ['ros']
[0.157s] Level 1:colcon.colcon_core.package_identification:_identify(src/techx_vision_bridge) by extension 'ros'
[0.158s] DEBUG:colcon.colcon_core.package_identification:Package 'src/techx_vision_bridge' with type 'ros.ament_cmake' and name 'techx_vision_bridge'
[0.158s] Level 1:colcon.colcon_core.package_discovery:discover_packages(recursive) using defaults
[0.158s] Level 1:colcon.colcon_core.package_discovery:discover_packages(ignore) discover
[0.158s] Level 1:colcon.colcon_core.package_discovery:discover_packages(ignore) using defaults
[0.158s] Level 1:colcon.colcon_core.package_discovery:discover_packages(path) discover
[0.158s] Level 1:colcon.colcon_core.package_discovery:discover_packages(path) using defaults
[0.168s] Level 1:colcon.colcon_core.package_discovery:discover_packages(prefix_path) check parameters
[0.168s] Level 1:colcon.colcon_core.package_discovery:discover_packages(prefix_path) discover
[0.170s] DEBUG:colcon.colcon_installed_package_information.package_discovery:Found 324 installed packages in /opt/ros/humble
[0.170s] Level 1:colcon.colcon_core.package_discovery:discover_packages(prefix_path) using defaults
[0.190s] Level 5:colcon.colcon_core.verb:set package 'techx_vision_bridge' build argument 'cmake_args' from command line to 'None'
[0.190s] Level 5:colcon.colcon_core.verb:set package 'techx_vision_bridge' build argument 'cmake_target' from command line to 'None'
[0.190s] Level 5:colcon.colcon_core.verb:set package 'techx_vision_bridge' build argument 'cmake_target_skip_unavailable' from command line to 'False'
[0.190s] Level 5:colcon.colcon_core.verb:set package 'techx_vision_bridge' build argument 'cmake_clean_cache' from command line to 'False'
[0.190s] Level 5:colcon.colcon_core.verb:set package 'techx_vision_bridge' build argument 'cmake_clean_first' from command line to 'False'
[0.190s] Level 5:colcon.colcon_core.verb:set package 'techx_vision_bridge' build argument 'cmake_force_configure' from command line to 'False'
[0.190s] Level 5:colcon.colcon_core.verb:set package 'techx_vision_bridge' build argument 'ament_cmake_args' from command line to 'None'
[0.190s] Level 5:colcon.colcon_core.verb:set package 'techx_vision_bridge' build argument 'catkin_cmake_args' from command line to 'None'
[0.190s] Level 5:colcon.colcon_core.verb:set package 'techx_vision_bridge' build argument 'catkin_skip_building_tests' from command line to 'False'
[0.190s] DEBUG:colcon.colcon_core.verb:Building package 'techx_vision_bridge' with the following arguments: {'ament_cmake_args': None, 'build_base': '/home/cyrus/robocon2026/GMK/build/techx_vision_bridge', 'catkin_cmake_args': None, 'catkin_skip_building_tests': False, 'cmake_args': None, 'cmake_clean_cache': False, 'cmake_clean_first': False, 'cmake_force_configure': False, 'cmake_target': None, 'cmake_target_skip_unavailable': False, 'install_base': '/home/cyrus/robocon2026/GMK/install/techx_vision_bridge', 'merge_install': False, 'path': '/home/cyrus/robocon2026/GMK/src/techx_vision_bridge', 'symlink_install': False, 'test_result_base': None}
[0.190s] INFO:colcon.colcon_core.executor:Executing jobs using 'parallel' executor
[0.191s] DEBUG:colcon.colcon_parallel_executor.executor.parallel:run_until_complete
[0.191s] INFO:colcon.colcon_ros.task.ament_cmake.build:Building ROS package in '/home/cyrus/robocon2026/GMK/src/techx_vision_bridge' with build type 'ament_cmake'
[0.191s] INFO:colcon.colcon_cmake.task.cmake.build:Building CMake package in '/home/cyrus/robocon2026/GMK/src/techx_vision_bridge'
[0.192s] INFO:colcon.colcon_core.plugin_system:Skipping extension 'colcon_core.shell.bat': Not used on non-Windows systems
[0.193s] INFO:colcon.colcon_core.shell:Skip shell extension 'powershell' for command environment: Not usable outside of PowerShell
[0.193s] DEBUG:colcon.colcon_core.shell:Skip shell extension 'dsv' for command environment
[0.199s] DEBUG:colcon.colcon_core.event_handler.log_command:Invoking command in '/home/cyrus/robocon2026/GMK/build/techx_vision_bridge': CMAKE_PREFIX_PATH=/opt/ros/humble /usr/bin/cmake --build /home/cyrus/robocon2026/GMK/build/techx_vision_bridge -- -j24 -l24
[2.819s] DEBUG:colcon.colcon_core.event_handler.log_command:Invoked command in '/home/cyrus/robocon2026/GMK/build/techx_vision_bridge' returned '0': CMAKE_PREFIX_PATH=/opt/ros/humble /usr/bin/cmake --build /home/cyrus/robocon2026/GMK/build/techx_vision_bridge -- -j24 -l24
[2.831s] DEBUG:colcon.colcon_core.event_handler.log_command:Invoking command in '/home/cyrus/robocon2026/GMK/build/techx_vision_bridge': CMAKE_PREFIX_PATH=/opt/ros/humble /usr/bin/cmake --install /home/cyrus/robocon2026/GMK/build/techx_vision_bridge
[2.874s] Level 1:colcon.colcon_core.environment:create_environment_scripts_only(techx_vision_bridge)
[2.877s] Level 1:colcon.colcon_core.environment:checking '/home/cyrus/robocon2026/GMK/install/techx_vision_bridge' for CMake module files
[2.877s] Level 1:colcon.colcon_core.environment:checking '/home/cyrus/robocon2026/GMK/install/techx_vision_bridge' for CMake config files
[2.878s] DEBUG:colcon.colcon_core.event_handler.log_command:Invoked command in '/home/cyrus/robocon2026/GMK/build/techx_vision_bridge' returned '0': CMAKE_PREFIX_PATH=/opt/ros/humble /usr/bin/cmake --install /home/cyrus/robocon2026/GMK/build/techx_vision_bridge
[2.878s] Level 1:colcon.colcon_core.shell:create_environment_hook('techx_vision_bridge', 'cmake_prefix_path')
[2.879s] INFO:colcon.colcon_core.shell:Creating environment hook '/home/cyrus/robocon2026/GMK/install/techx_vision_bridge/share/techx_vision_bridge/hook/cmake_prefix_path.ps1'
[2.879s] INFO:colcon.colcon_core.shell:Creating environment descriptor '/home/cyrus/robocon2026/GMK/install/techx_vision_bridge/share/techx_vision_bridge/hook/cmake_prefix_path.dsv'
[2.879s] INFO:colcon.colcon_core.shell:Creating environment hook '/home/cyrus/robocon2026/GMK/install/techx_vision_bridge/share/techx_vision_bridge/hook/cmake_prefix_path.sh'
[2.880s] Level 1:colcon.colcon_core.environment:checking '/home/cyrus/robocon2026/GMK/install/techx_vision_bridge/lib'
[2.880s] Level 1:colcon.colcon_core.shell:create_environment_hook('techx_vision_bridge', 'ld_library_path_lib')
[2.880s] INFO:colcon.colcon_core.shell:Creating environment hook '/home/cyrus/robocon2026/GMK/install/techx_vision_bridge/share/techx_vision_bridge/hook/ld_library_path_lib.ps1'
[2.880s] INFO:colcon.colcon_core.shell:Creating environment descriptor '/home/cyrus/robocon2026/GMK/install/techx_vision_bridge/share/techx_vision_bridge/hook/ld_library_path_lib.dsv'
[2.881s] INFO:colcon.colcon_core.shell:Creating environment hook '/home/cyrus/robocon2026/GMK/install/techx_vision_bridge/share/techx_vision_bridge/hook/ld_library_path_lib.sh'
[2.881s] Level 1:colcon.colcon_core.environment:checking '/home/cyrus/robocon2026/GMK/install/techx_vision_bridge/bin'
[2.881s] Level 1:colcon.colcon_core.environment:checking '/home/cyrus/robocon2026/GMK/install/techx_vision_bridge/lib/pkgconfig/techx_vision_bridge.pc'
[2.881s] Level 1:colcon.colcon_core.environment:checking '/home/cyrus/robocon2026/GMK/install/techx_vision_bridge/lib/python3.10/site-packages'
[2.881s] Level 1:colcon.colcon_core.environment:checking '/home/cyrus/robocon2026/GMK/install/techx_vision_bridge/bin'
[2.882s] INFO:colcon.colcon_core.shell:Creating package script '/home/cyrus/robocon2026/GMK/install/techx_vision_bridge/share/techx_vision_bridge/package.ps1'
[2.882s] INFO:colcon.colcon_core.shell:Creating package descriptor '/home/cyrus/robocon2026/GMK/install/techx_vision_bridge/share/techx_vision_bridge/package.dsv'
[2.883s] INFO:colcon.colcon_core.shell:Creating package script '/home/cyrus/robocon2026/GMK/install/techx_vision_bridge/share/techx_vision_bridge/package.sh'
[2.883s] INFO:colcon.colcon_core.shell:Creating package script '/home/cyrus/robocon2026/GMK/install/techx_vision_bridge/share/techx_vision_bridge/package.bash'
[2.884s] INFO:colcon.colcon_core.shell:Creating package script '/home/cyrus/robocon2026/GMK/install/techx_vision_bridge/share/techx_vision_bridge/package.zsh'
[2.884s] Level 1:colcon.colcon_core.environment:create_file_with_runtime_dependencies(/home/cyrus/robocon2026/GMK/install/techx_vision_bridge/share/colcon-core/packages/techx_vision_bridge)
[2.885s] Level 1:colcon.colcon_core.environment:create_environment_scripts_only(techx_vision_bridge)
[2.885s] Level 1:colcon.colcon_core.environment:checking '/home/cyrus/robocon2026/GMK/install/techx_vision_bridge' for CMake module files
[2.886s] Level 1:colcon.colcon_core.environment:checking '/home/cyrus/robocon2026/GMK/install/techx_vision_bridge' for CMake config files
[2.886s] Level 1:colcon.colcon_core.shell:create_environment_hook('techx_vision_bridge', 'cmake_prefix_path')
[2.886s] INFO:colcon.colcon_core.shell:Creating environment hook '/home/cyrus/robocon2026/GMK/install/techx_vision_bridge/share/techx_vision_bridge/hook/cmake_prefix_path.ps1'
[2.887s] INFO:colcon.colcon_core.shell:Creating environment descriptor '/home/cyrus/robocon2026/GMK/install/techx_vision_bridge/share/techx_vision_bridge/hook/cmake_prefix_path.dsv'
[2.887s] INFO:colcon.colcon_core.shell:Creating environment hook '/home/cyrus/robocon2026/GMK/install/techx_vision_bridge/share/techx_vision_bridge/hook/cmake_prefix_path.sh'
[2.888s] Level 1:colcon.colcon_core.environment:checking '/home/cyrus/robocon2026/GMK/install/techx_vision_bridge/lib'
[2.888s] Level 1:colcon.colcon_core.shell:create_environment_hook('techx_vision_bridge', 'ld_library_path_lib')
[2.888s] INFO:colcon.colcon_core.shell:Creating environment hook '/home/cyrus/robocon2026/GMK/install/techx_vision_bridge/share/techx_vision_bridge/hook/ld_library_path_lib.ps1'
[2.888s] INFO:colcon.colcon_core.shell:Creating environment descriptor '/home/cyrus/robocon2026/GMK/install/techx_vision_bridge/share/techx_vision_bridge/hook/ld_library_path_lib.dsv'
[2.889s] INFO:colcon.colcon_core.shell:Creating environment hook '/home/cyrus/robocon2026/GMK/install/techx_vision_bridge/share/techx_vision_bridge/hook/ld_library_path_lib.sh'
[2.889s] Level 1:colcon.colcon_core.environment:checking '/home/cyrus/robocon2026/GMK/install/techx_vision_bridge/bin'
[2.889s] Level 1:colcon.colcon_core.environment:checking '/home/cyrus/robocon2026/GMK/install/techx_vision_bridge/lib/pkgconfig/techx_vision_bridge.pc'
[2.889s] Level 1:colcon.colcon_core.environment:checking '/home/cyrus/robocon2026/GMK/install/techx_vision_bridge/lib/python3.10/site-packages'
[2.889s] Level 1:colcon.colcon_core.environment:checking '/home/cyrus/robocon2026/GMK/install/techx_vision_bridge/bin'
[2.890s] INFO:colcon.colcon_core.shell:Creating package script '/home/cyrus/robocon2026/GMK/install/techx_vision_bridge/share/techx_vision_bridge/package.ps1'
[2.890s] INFO:colcon.colcon_core.shell:Creating package descriptor '/home/cyrus/robocon2026/GMK/install/techx_vision_bridge/share/techx_vision_bridge/package.dsv'
[2.891s] INFO:colcon.colcon_core.shell:Creating package script '/home/cyrus/robocon2026/GMK/install/techx_vision_bridge/share/techx_vision_bridge/package.sh'
[2.891s] INFO:colcon.colcon_core.shell:Creating package script '/home/cyrus/robocon2026/GMK/install/techx_vision_bridge/share/techx_vision_bridge/package.bash'
[2.891s] INFO:colcon.colcon_core.shell:Creating package script '/home/cyrus/robocon2026/GMK/install/techx_vision_bridge/share/techx_vision_bridge/package.zsh'
[2.891s] Level 1:colcon.colcon_core.environment:create_file_with_runtime_dependencies(/home/cyrus/robocon2026/GMK/install/techx_vision_bridge/share/colcon-core/packages/techx_vision_bridge)
[2.892s] DEBUG:colcon.colcon_parallel_executor.executor.parallel:closing loop
[2.892s] DEBUG:colcon.colcon_parallel_executor.executor.parallel:loop closed
[2.892s] DEBUG:colcon.colcon_parallel_executor.executor.parallel:run_until_complete finished with '0'
[2.892s] DEBUG:colcon.colcon_core.event_reactor:joining thread
[2.897s] INFO:colcon.colcon_core.plugin_system:Skipping extension 'colcon_notification.desktop_notification.terminal_notifier': Not used on non-Darwin systems
[2.897s] INFO:colcon.colcon_core.plugin_system:Skipping extension 'colcon_notification.desktop_notification.win32': Not used on non-Windows systems
[2.897s] INFO:colcon.colcon_notification.desktop_notification:Sending desktop notification using 'notify2'
[2.910s] DEBUG:colcon.colcon_core.event_reactor:joined thread
[2.910s] INFO:colcon.colcon_core.shell:Creating prefix script '/home/cyrus/robocon2026/GMK/install/local_setup.ps1'
[2.911s] INFO:colcon.colcon_core.shell:Creating prefix util module '/home/cyrus/robocon2026/GMK/install/_local_setup_util_ps1.py'
[2.913s] INFO:colcon.colcon_core.shell:Creating prefix chain script '/home/cyrus/robocon2026/GMK/install/setup.ps1'
[2.913s] INFO:colcon.colcon_core.shell:Creating prefix script '/home/cyrus/robocon2026/GMK/install/local_setup.sh'
[2.914s] INFO:colcon.colcon_core.shell:Creating prefix util module '/home/cyrus/robocon2026/GMK/install/_local_setup_util_sh.py'
[2.914s] INFO:colcon.colcon_core.shell:Creating prefix chain script '/home/cyrus/robocon2026/GMK/install/setup.sh'
[2.915s] INFO:colcon.colcon_core.shell:Creating prefix script '/home/cyrus/robocon2026/GMK/install/local_setup.bash'
[2.915s] INFO:colcon.colcon_core.shell:Creating prefix chain script '/home/cyrus/robocon2026/GMK/install/setup.bash'
[2.916s] INFO:colcon.colcon_core.shell:Creating prefix script '/home/cyrus/robocon2026/GMK/install/local_setup.zsh'
[2.916s] INFO:colcon.colcon_core.shell:Creating prefix chain script '/home/cyrus/robocon2026/GMK/install/setup.zsh'
